<?xml version="1.0" encoding="UTF-8"?>
<!-- Generated by org.testng.reporters.JUnitReportReporter -->
<testsuite skipped="0" hostname="pradeep-PC" name="Pradeep1_Maven.Class1" tests="1" failures="0" timestamp="11 Jun 2018 18:18:32 GMT" time="44.788" errors="0">
  <testcase name="test" time="44.788" classname="Pradeep1_Maven.Class1"/>
</testsuite> <!-- Pradeep1_Maven.Class1 -->
